<?xml version="1.0" encoding="UTF-8"?>
<!-- Generated by org.testng.reporters.JUnitReportReporter -->
<testsuite hostname="DESKTOP-4I94R8U" failures="0" tests="1" name="hello.soso" time="0.038" errors="0" timestamp="2025-01-02T21:53:04 EET" skipped="0">
  <testcase classname="hello.soso" name="myTest" time="0.038"/>
  <system-out/>
</testsuite> <!-- hello.soso -->
